
/home/runner/work/exp-viscous-parallel-plate-iitb/exp-viscous-parallel-plate-iitb/experiment/simulation/common_libraries/js/ts_components/collapse_step.js
   1:10  warning  'show_step' is defined but never used                 no-unused-vars
   2:5   warning  '$' is not defined                                    no-undef
   3:9   warning  '$' is not defined                                    no-undef
   6:10  warning  'hide_step' is defined but never used                 no-unused-vars
   7:5   warning  '$' is not defined                                    no-undef
   8:9   warning  '$' is not defined                                    no-undef
  11:10  warning  'get_collapse_btn_text' is defined but never used     no-unused-vars
  20:10  warning  'get_collapse_btn_element' is defined but never used  no-unused-vars
  29:10  warning  'hide_all_steps' is defined but never used            no-unused-vars
  31:9   warning  '$' is not defined                                    no-undef

/home/runner/work/exp-viscous-parallel-plate-iitb/exp-viscous-parallel-plate-iitb/experiment/simulation/common_libraries/js/ts_components/matrix.js
   27:26  warning  'MathJax' is not defined                                no-undef
   32:7   warning  'Matrix_Without_String' is defined but never used       no-unused-vars
   52:26  warning  'MathJax' is not defined                                no-undef
   56:10  warning  'get_matrix_html' is defined but never used             no-unused-vars
   87:13  warning  'row_html' is assigned a value but never used           no-unused-vars
   99:10  warning  'get_matrix_html_with_title' is defined but never used  no-unused-vars
  131:13  warning  'row_html' is assigned a value but never used           no-unused-vars
  143:10  warning  'convert_2d_to_1d_vector' is defined but never used     no-unused-vars
  156:10  warning  'convert_1d_to_2d_matrix' is defined but never used     no-unused-vars

/home/runner/work/exp-viscous-parallel-plate-iitb/exp-viscous-parallel-plate-iitb/experiment/simulation/common_libraries/js/ts_components/pannel.js
  8:7  warning  'Pannel' is defined but never used  no-unused-vars

/home/runner/work/exp-viscous-parallel-plate-iitb/exp-viscous-parallel-plate-iitb/experiment/simulation/common_libraries/js/ts_components/questions.js
   6:17  warning  'op1' is assigned a value but never used      no-unused-vars
   7:17  warning  'op2' is assigned a value but never used      no-unused-vars
   8:17  warning  'op3' is assigned a value but never used      no-unused-vars
   9:17  warning  'op4' is assigned a value but never used      no-unused-vars
  94:7   warning  'Question_Options' is defined but never used  no-unused-vars

/home/runner/work/exp-viscous-parallel-plate-iitb/exp-viscous-parallel-plate-iitb/experiment/simulation/common_libraries/js/ts_components/tables.js
   19:22  warning  'verify_values' is not defined                                     no-undef
  137:22  warning  'verify_values' is not defined                                     no-undef
  260:7   warning  'Verify_Rows_Cols_6_decimal_places' is defined but never used      no-unused-vars
  311:22  warning  'verify_values' is not defined                                     no-undef
  416:7   warning  'Verify_Rows_Cols_Custom_Fixed_Update1' is defined but never used  no-unused-vars
  468:7   warning  'Show_Table_Custom_Fixed' is defined but never used                no-unused-vars
  506:7   warning  'Verify_Rows_Cols_Strings' is defined but never used               no-unused-vars
  527:22  warning  'verify_values' is not defined                                     no-undef
  663:7   warning  'Display_Table' is defined but never used                          no-unused-vars

/home/runner/work/exp-viscous-parallel-plate-iitb/exp-viscous-parallel-plate-iitb/experiment/simulation/common_libraries/js/ts_math_library/general_math_functions.js
    1:10  warning  'verify_values' is defined but never used                   no-unused-vars
   17:10  warning  'random1' is defined but never used                         no-unused-vars
   21:10  warning  'std_deviation' is defined but never used                   no-unused-vars
   26:10  warning  'gauss' is defined but never used                           no-unused-vars
   56:10  warning  'hide_panel' is defined but never used                      no-unused-vars
   63:10  warning  'inverse_matrix' is defined but never used                  no-unused-vars
   96:10  warning  'matrix_multiplication' is defined but never used           no-unused-vars
  113:10  warning  'transpose_matrix' is defined but never used                no-unused-vars
  123:10  warning  'matrix_multiplication_8decimal' is defined but never used  no-unused-vars
  140:10  warning  'adjoint_2x2_matrix' is defined but never used              no-unused-vars
  145:10  warning  'find_deteminant' is defined but never used                 no-unused-vars
  174:10  warning  'get_Submatrix' is defined but never used                   no-unused-vars

/home/runner/work/exp-viscous-parallel-plate-iitb/exp-viscous-parallel-plate-iitb/experiment/simulation/common_libraries/js/ts_math_library/regression.js
   1:10  warning  'regression_linear' is defined but never used            no-unused-vars
  18:10  warning  'regression_linear_1variable' is defined but never used  no-unused-vars
  27:10  warning  'regression_linear_2variable' is defined but never used  no-unused-vars
  52:11  warning  'gauss' is not defined                                   no-undef

/home/runner/work/exp-viscous-parallel-plate-iitb/exp-viscous-parallel-plate-iitb/experiment/simulation/common_libraries/math.ob.js
  1:745  warning  'b' is already defined  no-redeclare

/home/runner/work/exp-viscous-parallel-plate-iitb/exp-viscous-parallel-plate-iitb/experiment/simulation/js/activity1.js
   15:9    warning  'MathJax' is not defined                        no-undef
   19:10   warning  'start_act1' is defined but never used          no-unused-vars
   24:20   warning  'get_collapse_btn_text' is not defined          no-undef
   35:132  warning  'mu_a1' is not defined                          no-undef
   35:205  warning  'b_a1' is not defined                           no-undef
   35:231  warning  't_a1' is not defined                           no-undef
   39:54   warning  'U_max_a1' is not defined                       no-undef
   50:43   warning  Unnecessary escape character: \μ                no-useless-escape
   61:5    warning  'hide_all_steps' is not defined                 no-undef
   63:9    warning  'MathJax' is not defined                        no-undef
   66:9    warning  'show_step' is not defined                      no-undef
   71:5    warning  'U_max_a1' is not defined                       no-undef
   71:27   warning  'random' is not defined                         no-undef
   72:5    warning  'b_a1' is not defined                           no-undef
   72:23   warning  'random' is not defined                         no-undef
   73:5    warning  't_a1' is not defined                           no-undef
   73:12   warning  'random1' is not defined                        no-undef
   74:5    warning  'pg_a1' is not defined                          no-undef
   74:18   warning  'mu_a1' is not defined                          no-undef
   74:26   warning  'U_max_a1' is not defined                       no-undef
   74:47   warning  't_a1' is not defined                           no-undef
   75:5    warning  'u_bar_a1' is not defined                       no-undef
   75:16   warning  'U_max_a1' is not defined                       no-undef
   76:5    warning  'Q_a1' is not defined                           no-undef
   76:12   warning  'b_a1' is not defined                           no-undef
   76:19   warning  't_a1' is not defined                           no-undef
   76:26   warning  'u_bar_a1' is not defined                       no-undef
   77:29   warning  'U_max_a1' is not defined                       no-undef
   78:25   warning  'b_a1' is not defined                           no-undef
   79:25   warning  't_a1' is not defined                           no-undef
   80:26   warning  'pg_a1' is not defined                          no-undef
   81:29   warning  'u_bar_a1' is not defined                       no-undef
   82:25   warning  'Q_a1' is not defined                           no-undef
   84:10   warning  'a1_verify_pg' is defined but never used        no-unused-vars
   86:17   warning  'pg_a1' is not defined                          no-undef
   87:10   warning  'verify_values' is not defined                  no-undef
   87:50   warning  'pg_a1' is not defined                          no-undef
  101:37   warning  Unnecessary escape character: \μ                no-useless-escape
  101:69   warning  'pg_a1' is not defined                          no-undef
  112:37   warning  Unnecessary escape character: \×                no-useless-escape
  123:9    warning  'MathJax' is not defined                        no-undef
  126:10   warning  'act1_verify_u_bar' is defined but never used   no-unused-vars
  128:17   warning  'u_bar_a1' is not defined                       no-undef
  129:10   warning  'verify_values' is not defined                  no-undef
  129:53   warning  'u_bar_a1' is not defined                       no-undef
  143:31   warning  Unnecessary escape character: \×                no-useless-escape
  143:64   warning  'u_bar_a1' is not defined                       no-undef
  154:24   warning  Unnecessary escape character: \×                no-useless-escape
  154:40   warning  Unnecessary escape character: \×                no-useless-escape
  154:45   warning  Unnecessary escape character: \×                no-useless-escape
  165:9    warning  'MathJax' is not defined                        no-undef
  168:10   warning  'act1_verify_Q' is defined but never used       no-unused-vars
  170:17   warning  'Q_a1' is not defined                           no-undef
  171:10   warning  'verify_values' is not defined                  no-undef
  171:49   warning  'Q_a1' is not defined                           no-undef
  185:18   warning  Unnecessary escape character: \×                no-useless-escape
  185:34   warning  Unnecessary escape character: \×                no-useless-escape
  185:39   warning  Unnecessary escape character: \×                no-useless-escape
  185:67   warning  'Q_a1' is not defined                           no-undef
  194:9    warning  'MathJax' is not defined                        no-undef
  197:10   warning  'activity_completed' is defined but never used  no-unused-vars

/home/runner/work/exp-viscous-parallel-plate-iitb/exp-viscous-parallel-plate-iitb/experiment/simulation/js/activity2.js
    2:10   warning  'activity2' is defined but never used           no-unused-vars
    5:20   warning  'get_collapse_btn_text' is not defined          no-undef
    6:5    warning  'maindiv' is not defined                        no-undef
   16:181  warning  'U_max_a2' is not defined                       no-undef
   16:246  warning  't_a2' is not defined                           no-undef
   16:283  warning  'mu_a2' is not defined                          no-undef
   27:43   warning  Unnecessary escape character: \μ                no-useless-escape
   38:5    warning  'hide_all_steps' is not defined                 no-undef
   40:9    warning  'MathJax' is not defined                        no-undef
   43:9    warning  'show_step' is not defined                      no-undef
   48:5    warning  'U_max_a2' is not defined                       no-undef
   48:27   warning  'random' is not defined                         no-undef
   49:5    warning  't_a2' is not defined                           no-undef
   49:12   warning  'random1' is not defined                        no-undef
   50:5    warning  'pg_a2' is not defined                          no-undef
   50:18   warning  'mu_a2' is not defined                          no-undef
   50:26   warning  'U_max_a2' is not defined                       no-undef
   50:47   warning  't_a2' is not defined                           no-undef
   51:5    warning  'shear_st_a2' is not defined                    no-undef
   51:20   warning  'pg_a2' is not defined                          no-undef
   51:38   warning  't_a2' is not defined                           no-undef
   52:5    warning  'Q_a2' is not defined                           no-undef
   52:22   warning  'U_max_a2' is not defined                       no-undef
   52:33   warning  't_a2' is not defined                           no-undef
   52:40   warning  'b_a2' is not defined                           no-undef
   53:29   warning  'U_max_a2' is not defined                       no-undef
   54:25   warning  't_a2' is not defined                           no-undef
   55:26   warning  'pg_a2' is not defined                          no-undef
   56:32   warning  'shear_st_a2' is not defined                    no-undef
   57:25   warning  'Q_a2' is not defined                           no-undef
   59:10   warning  'a2_verify_pg' is defined but never used        no-unused-vars
   61:17   warning  'pg_a2' is not defined                          no-undef
   62:10   warning  'verify_values' is not defined                  no-undef
   62:50   warning  'pg_a2' is not defined                          no-undef
   76:37   warning  Unnecessary escape character: \μ                no-useless-escape
   76:69   warning  'pg_a2' is not defined                          no-undef
   87:44   warning  Unnecessary escape character: \×                no-useless-escape
   87:60   warning  Unnecessary escape character: \×                no-useless-escape
   98:9    warning  'MathJax' is not defined                        no-undef
  101:10   warning  'a2_verify_shear_st' is defined but never used  no-unused-vars
  103:17   warning  'shear_st_a2' is not defined                    no-undef
  104:10   warning  'verify_values' is not defined                  no-undef
  104:53   warning  'shear_st_a2' is not defined                    no-undef
  118:38   warning  Unnecessary escape character: \×                no-useless-escape
  118:54   warning  Unnecessary escape character: \×                no-useless-escape
  118:76   warning  'shear_st_a2' is not defined                    no-undef
  127:15   warning  Unnecessary escape character: \×                no-useless-escape
  127:31   warning  Unnecessary escape character: \×                no-useless-escape
  127:36   warning  Unnecessary escape character: \×                no-useless-escape
  141:9    warning  'MathJax' is not defined                        no-undef
  144:10   warning  'a2_verify_Q' is defined but never used         no-unused-vars
  146:17   warning  'Q_a2' is not defined                           no-undef
  147:10   warning  'verify_values' is not defined                  no-undef
  147:49   warning  'Q_a2' is not defined                           no-undef
  161:18   warning  Unnecessary escape character: \×                no-useless-escape
  161:34   warning  Unnecessary escape character: \×                no-useless-escape
  161:39   warning  Unnecessary escape character: \×                no-useless-escape
  161:78   warning  'Q_a2' is not defined                           no-undef
  170:9    warning  'MathJax' is not defined                        no-undef

/home/runner/work/exp-viscous-parallel-plate-iitb/exp-viscous-parallel-plate-iitb/experiment/simulation/js/activity3.js
    2:10   warning  'activity3' is defined but never used        no-unused-vars
    5:20   warning  'get_collapse_btn_text' is not defined       no-undef
    6:5    warning  'maindiv' is not defined                     no-undef
   16:36   warning  'mu_a3' is not defined                       no-undef
   16:122  warning  't_a3' is not defined                        no-undef
   17:102  warning  'L_a3' is not defined                        no-undef
   17:115  warning  'p_drop_a3' is not defined                   no-undef
   18:41   warning  'b_a3' is not defined                        no-undef
   27:34   warning  Unnecessary escape character: \μ             no-useless-escape
   33:51   warning  Unnecessary escape character: \×             no-useless-escape
   33:61   warning  Unnecessary escape character: \μ             no-useless-escape
   44:5    warning  'hide_all_steps' is not defined              no-undef
   46:9    warning  'MathJax' is not defined                     no-undef
   49:9    warning  'show_step' is not defined                   no-undef
   54:5    warning  't_a3' is not defined                        no-undef
   54:12   warning  'random1' is not defined                     no-undef
   55:5    warning  'u_bar_a3' is not defined                    no-undef
   55:17   warning  'p_drop_a3' is not defined                   no-undef
   55:38   warning  't_a3' is not defined                        no-undef
   55:56   warning  'mu_a3' is not defined                       no-undef
   55:64   warning  'L_a3' is not defined                        no-undef
   56:5    warning  'Q_a3' is not defined                        no-undef
   56:12   warning  'b_a3' is not defined                        no-undef
   56:19   warning  't_a3' is not defined                        no-undef
   56:26   warning  'u_bar_a3' is not defined                    no-undef
   57:26   warning  'mu_a3' is not defined                       no-undef
   58:25   warning  't_a3' is not defined                        no-undef
   59:25   warning  'b_a3' is not defined                        no-undef
   60:25   warning  'L_a3' is not defined                        no-undef
   61:30   warning  'p_drop_a3' is not defined                   no-undef
   62:29   warning  'u_bar_a3' is not defined                    no-undef
   63:25   warning  'Q_a3' is not defined                        no-undef
   65:10   warning  'a3_verify_u_bar' is defined but never used  no-unused-vars
   67:17   warning  'u_bar_a3' is not defined                    no-undef
   68:10   warning  'verify_values' is not defined               no-undef
   68:47   warning  'u_bar_a3' is not defined                    no-undef
   82:42   warning  Unnecessary escape character: \×             no-useless-escape
   82:52   warning  Unnecessary escape character: \μ             no-useless-escape
   82:73   warning  'u_bar_a3' is not defined                    no-undef
   93:24   warning  Unnecessary escape character: \×             no-useless-escape
   93:40   warning  Unnecessary escape character: \×             no-useless-escape
   93:45   warning  Unnecessary escape character: \×             no-useless-escape
  104:9    warning  'MathJax' is not defined                     no-undef
  107:10   warning  'a3_verify_Q' is defined but never used      no-unused-vars
  109:17   warning  'Q_a3' is not defined                        no-undef
  110:10   warning  'verify_values' is not defined               no-undef
  110:49   warning  'Q_a3' is not defined                        no-undef
  124:18   warning  Unnecessary escape character: \×             no-useless-escape
  124:34   warning  Unnecessary escape character: \×             no-useless-escape
  124:39   warning  Unnecessary escape character: \×             no-useless-escape
  124:67   warning  'Q_a3' is not defined                        no-undef
  133:9    warning  'MathJax' is not defined                     no-undef

/home/runner/work/exp-viscous-parallel-plate-iitb/exp-viscous-parallel-plate-iitb/experiment/simulation/js/data.js
   2:5  warning  'mu_a1' is assigned a value but never used      no-unused-vars
   3:5  warning  'b_a1' is assigned a value but never used       no-unused-vars
   4:5  warning  't_a1' is assigned a value but never used       no-unused-vars
   5:5  warning  'U_max_a1' is assigned a value but never used   no-unused-vars
   6:5  warning  'pg_a1' is defined but never used               no-unused-vars
   7:5  warning  'u_bar_a1' is defined but never used            no-unused-vars
   8:5  warning  'Q_a1' is defined but never used                no-unused-vars
  10:5  warning  'U_max_a2' is assigned a value but never used   no-unused-vars
  11:5  warning  't_a2' is assigned a value but never used       no-unused-vars
  12:5  warning  'mu_a2' is assigned a value but never used      no-unused-vars
  13:5  warning  'b_a2' is assigned a value but never used       no-unused-vars
  14:5  warning  'pg_a2' is defined but never used               no-unused-vars
  15:5  warning  'shear_st_a2' is defined but never used         no-unused-vars
  16:5  warning  'Q_a2' is defined but never used                no-unused-vars
  18:5  warning  'mu_a3' is assigned a value but never used      no-unused-vars
  19:5  warning  't_a3' is assigned a value but never used       no-unused-vars
  20:5  warning  'b_a3' is assigned a value but never used       no-unused-vars
  21:5  warning  'L_a3' is assigned a value but never used       no-unused-vars
  22:5  warning  'p_drop_a3' is assigned a value but never used  no-unused-vars
  23:5  warning  'u_bar_a3' is defined but never used            no-unused-vars
  24:5  warning  'Q_a3' is defined but never used                no-unused-vars

/home/runner/work/exp-viscous-parallel-plate-iitb/exp-viscous-parallel-plate-iitb/experiment/simulation/js/screen_size.js
  1:10  warning  'set_screen_size' is defined but never used  no-unused-vars

✖ 245 problems (0 errors, 245 warnings)

